[INFO] 
[INFO] --- resources:3.3.1:resources (default-resources) @ demosec ---
[INFO] Copying 2 resources from src\main\resources to target\classes
[INFO] Copying 0 resource from src\main\resources to target\classes
[INFO] 
[INFO] --- compiler:3.14.1:compile (default-compile) @ demosec ---
[INFO] Nothing to compile - all classes are up to date.
[INFO] 
[INFO] --- resources:3.3.1:testResources (default-testResources) @ demosec ---
[INFO] skip non existing resourceDirectory C:\Users\Fathi\demosec\src\test\resources
[INFO] 
[INFO] --- compiler:3.14.1:testCompile (default-testCompile) @ demosec ---
[INFO] Nothing to compile - all classes are up to date.
[INFO] 
[INFO] <<< spring-boot:3.5.11:run (default-cli) < test-compile @ demosec <<<
[INFO] 
[INFO] 
[INFO] --- spring-boot:3.5.11:run (default-cli) @ demosec ---
[INFO] Attaching agents: []

  .   ____          _            __ _ _
 /\\ / ___'_ __ _ _(_)_ __  __ _ \ \ \ \
( ( )\___ | '_ | '_| | '_ \/ _` | \ \ \ \
 \\/  ___)| |_)| | | | | || (_| |  ) ) ) )
  '  |____| .__|_| |_|_| |_\__, | / / / /
 =========|_|==============|___/=/_/_/_/

 :: Spring Boot ::               (v3.5.11)

2026-03-24T20:30:01.344+01:00  INFO 34104 --- [demosec] [           main] com.aziz.demosec.DemosecApplication      : Starting DemosecApplication using Java 17 with PID 34104 (C:\Users\Fathi\demosec\target\classes started by Fathi in C:\Users\Fathi\demosec)
2026-03-24T20:30:01.346+01:00  INFO 34104 --- [demosec] [           main] com.aziz.demosec.DemosecApplication      : No active profile set, falling back to 1 default profile: "default"
2026-03-24T20:30:01.858+01:00  INFO 34104 --- [demosec] [           main] .s.d.r.c.RepositoryConfigurationDelegate : Bootstrapping Spring Data JPA repositories in DEFAULT mode.
2026-03-24T20:30:01.913+01:00  INFO 34104 --- [demosec] [           main] .s.d.r.c.RepositoryConfigurationDelegate : Finished Spring Data repository scanning in 48 ms. Found 10 JPA repository interfaces.
2026-03-24T20:30:02.297+01:00  INFO 34104 --- [demosec] [           main] o.s.b.w.embedded.tomcat.TomcatWebServer  : Tomcat initialized with port 8081 (http)
2026-03-24T20:30:02.306+01:00  INFO 34104 --- [demosec] [           main] o.apache.catalina.core.StandardService   : Starting service [Tomcat]
2026-03-24T20:30:02.306+01:00  INFO 34104 --- [demosec] [           main] o.apache.catalina.core.StandardEngine    : Starting Servlet engine: [Apache Tomcat/10.1.52]
2026-03-24T20:30:02.343+01:00  INFO 34104 --- [demosec] [           main] o.a.c.c.C.[.[.[/springsecurity]          : Initializing Spring embedded WebApplicationContext
2026-03-24T20:30:02.343+01:00  INFO 34104 --- [demosec] [           main] w.s.c.ServletWebServerApplicationContext : Root WebApplicationContext: initialization completed in 966 ms
2026-03-24T20:30:02.428+01:00  INFO 34104 --- [demosec] [           main] o.hibernate.jpa.internal.util.LogHelper  : HHH000204: Processing PersistenceUnitInfo [name: default]
2026-03-24T20:30:02.458+01:00  INFO 34104 --- [demosec] [           main] org.hibernate.Version                    : HHH000412: Hibernate ORM core version 6.6.42.Final
2026-03-24T20:30:02.477+01:00  INFO 34104 --- [demosec] [           main] o.h.c.internal.RegionFactoryInitiator    : HHH000026: Second-level cache disabled
2026-03-24T20:30:02.637+01:00  INFO 34104 --- [demosec] [           main] o.s.o.j.p.SpringPersistenceUnitInfo      : No LoadTimeWeaver setup: ignoring JPA class transformer
2026-03-24T20:30:02.653+01:00  INFO 34104 --- [demosec] [           main] com.zaxxer.hikari.HikariDataSource       : HikariPool-1 - Starting...
2026-03-24T20:30:02.771+01:00  INFO 34104 --- [demosec] [           main] com.zaxxer.hikari.pool.HikariPool        : HikariPool-1 - Added connection com.mysql.cj.jdbc.ConnectionImpl@30af23fd
2026-03-24T20:30:02.771+01:00  INFO 34104 --- [demosec] [           main] com.zaxxer.hikari.HikariDataSource       : HikariPool-1 - Start completed.
2026-03-24T20:30:02.785+01:00  WARN 34104 --- [demosec] [           main] org.hibernate.orm.deprecation            : HHH90000025: MySQL8Dialect does not need to be specified explicitly using 'hibernate.dialect' (remove the property setting and it will be selected by default)
2026-03-24T20:30:02.785+01:00  WARN 34104 --- [demosec] [           main] org.hibernate.orm.deprecation            : HHH90000026: MySQL8Dialect has been deprecated; use org.hibernate.dialect.MySQLDialect instead
2026-03-24T20:30:02.798+01:00  INFO 34104 --- [demosec] [           main] org.hibernate.orm.connections.pooling    : HHH10001005: Database info:
	Database JDBC URL [Connecting through datasource 'HikariDataSource (HikariPool-1)']
	Database driver: undefined/unknown
	Database version: 8.0
	Autocommit mode: undefined/unknown
	Isolation level: undefined/unknown
	Minimum pool size: undefined/unknown
	Maximum pool size: undefined/unknown
2026-03-24T20:30:03.880+01:00  INFO 34104 --- [demosec] [           main] o.h.e.t.j.p.i.JtaPlatformInitiator       : HHH000489: No JTA platform available (set 'hibernate.transaction.jta.platform' to enable JTA platform integration)
Hibernate: 
    alter table lifestyle_goals 
       modify column category enum ('NUTRITION','WEIGHT') not null
2026-03-24T20:30:04.231+01:00  INFO 34104 --- [demosec] [           main] j.LocalContainerEntityManagerFactoryBean : Initialized JPA EntityManagerFactory for persistence unit 'default'
2026-03-24T20:30:04.436+01:00 DEBUG 34104 --- [demosec] [           main] c.a.demosec.security.jwt.JwtAuthFilter   : Filter 'jwtAuthFilter' configured for use
2026-03-24T20:30:04.518+01:00  INFO 34104 --- [demosec] [           main] eAuthenticationProviderManagerConfigurer : Global AuthenticationManager configured with AuthenticationProvider bean with name authProvider
2026-03-24T20:30:04.518+01:00  WARN 34104 --- [demosec] [           main] r$InitializeUserDetailsManagerConfigurer : Global AuthenticationManager configured with an AuthenticationProvider bean. UserDetailsService beans will not be used by Spring Security for automatically configuring username/password login. Consider removing the AuthenticationProvider bean. Alternatively, consider using the UserDetailsService in a manually instantiated DaoAuthenticationProvider. If the current configuration is intentional, to turn off this warning, increase the logging level of 'org.springframework.security.config.annotation.authentication.configuration.InitializeUserDetailsBeanManagerConfigurer' to ERROR
2026-03-24T20:30:04.597+01:00  INFO 34104 --- [demosec] [           main] o.s.d.j.r.query.QueryEnhancerFactory     : Hibernate is in classpath; If applicable, HQL parser will be used.
2026-03-24T20:30:04.835+01:00  WARN 34104 --- [demosec] [           main] JpaBaseConfiguration$JpaWebConfiguration : spring.jpa.open-in-view is enabled by default. Therefore, database queries may be performed during view rendering. Explicitly configure spring.jpa.open-in-view to disable this warning
2026-03-24T20:30:05.025+01:00 DEBUG 34104 --- [demosec] [           main] o.s.s.web.DefaultSecurityFilterChain     : Will secure any request with filters: DisableEncodeUrlFilter, WebAsyncManagerIntegrationFilter, SecurityContextHolderFilter, HeaderWriterFilter, CorsFilter, LogoutFilter, JwtAuthFilter, RequestCacheAwareFilter, SecurityContextHolderAwareRequestFilter, AnonymousAuthenticationFilter, SessionManagementFilter, ExceptionTranslationFilter, AuthorizationFilter
2026-03-24T20:30:05.148+01:00  WARN 34104 --- [demosec] [           main] ConfigServletWebServerApplicationContext : Exception encountered during context initialization - cancelling refresh attempt: org.springframework.context.ApplicationContextException: Failed to start bean 'webServerStartStop'
2026-03-24T20:30:05.149+01:00  INFO 34104 --- [demosec] [           main] j.LocalContainerEntityManagerFactoryBean : Closing JPA EntityManagerFactory for persistence unit 'default'
2026-03-24T20:30:05.151+01:00  INFO 34104 --- [demosec] [           main] com.zaxxer.hikari.HikariDataSource       : HikariPool-1 - Shutdown initiated...
2026-03-24T20:30:05.156+01:00  INFO 34104 --- [demosec] [           main] com.zaxxer.hikari.HikariDataSource       : HikariPool-1 - Shutdown completed.
2026-03-24T20:30:05.165+01:00  INFO 34104 --- [demosec] [           main] .s.b.a.l.ConditionEvaluationReportLogger : 

Error starting ApplicationContext. To display the condition evaluation report re-run your application with 'debug' enabled.
2026-03-24T20:30:05.174+01:00 ERROR 34104 --- [demosec] [           main] o.s.b.d.LoggingFailureAnalysisReporter   : 

***************************
APPLICATION FAILED TO START
***************************

Description:

Web server failed to start. Port 8081 was already in use.

Action:

Identify and stop the process that's listening on port 8081 or configure this application to listen on another port.

[INFO] ------------------------------------------------------------------------
[INFO] BUILD FAILURE
[INFO] ------------------------------------------------------------------------
[INFO] Total time:  5.858 s
[INFO] Finished at: 2026-03-24T20:30:05+01:00
[INFO] ------------------------------------------------------------------------
[ERROR] Failed to execute goal org.springframework.boot:spring-boot-maven-plugin:3.5.11:run (default-cli) on project demosec: Process terminated with exit code: 1 -> [Help 1]
[ERROR] 
[ERROR] To see the full stack trace of the errors, re-run Maven with the -e switch.
[ERROR] Re-run Maven using the -X switch to enable full debug logging.
[ERROR] 
[ERROR] For more information about the errors and possible solutions, please read the following articles:
[ERROR] [Help 1] http://cwiki.apache.org/confluence/display/MAVEN/MojoExecutionException
