[33m❯[39m Building...
[32m✔[39m Building...
[1mInitial chunk files[22m  [2m | [22m[1mNames[22m              [2m | [22m [1mRaw size[22m[2m | [22m[1mEstimated transfer size[22m
[32mchunk-HYJY2KBB.js[39m    [2m | [22m[2m-[22m                  [2m | [22m[36m304.33 kB[39m[2m | [22m               [36m81.58 kB[39m
[32mchunk-CSCX76JQ.js[39m    [2m | [22m[2m-[22m                  [2m | [22m [36m48.60 kB[39m[2m | [22m                [36m9.29 kB[39m
[32mpolyfills-FFHMD2TL.js[39m[2m | [22m[2mpolyfills[22m          [2m | [22m [36m34.52 kB[39m[2m | [22m               [36m11.28 kB[39m
[32mstyles-DXV6FW5M.css[39m  [2m | [22m[2mstyles[22m             [2m | [22m  [36m2.17 kB[39m[2m | [22m              [36m773 bytes[39m
[32mmain-TNSGNOFT.js[39m     [2m | [22m[2mmain[22m               [2m | [22m  [36m1.69 kB[39m[2m | [22m              [36m743 bytes[39m

[1m [22m                    [2m | [22m[1mInitial total[22m      [2m | [22m[1m391.31 kB[22m[2m | [22m              [1m103.67 kB[22m

[1mLazy chunk files[22m     [2m | [22m[1mNames[22m              [2m | [22m [1mRaw size[22m[2m | [22m[1mEstimated transfer size[22m
[32mchunk-WUKV2UFR.js[39m    [2m | [22m[2mfront-office-module[22m[2m | [22m[36m828.04 kB[39m[2m | [22m              [36m117.78 kB[39m
[32mchunk-PFQRKSCB.js[39m    [2m | [22m[2mlaboratory-module[22m  [2m | [22m[36m148.98 kB[39m[2m | [22m               [36m25.78 kB[39m
[32mchunk-PURN3MUE.js[39m    [2m | [22m[2mback-office-module[22m [2m | [22m[36m118.54 kB[39m[2m | [22m               [36m22.18 kB[39m
[32mchunk-UGH2PFCH.js[39m    [2m | [22m[2mclinic-module[22m      [2m | [22m [36m94.57 kB[39m[2m | [22m               [36m17.47 kB[39m
[32mchunk-SOC2Q27N.js[39m    [2m | [22m[2mnutritionist-module[22m[2m | [22m [36m90.85 kB[39m[2m | [22m               [36m16.88 kB[39m
[32mchunk-N47BISLA.js[39m    [2m | [22m[2mauth-module[22m        [2m | [22m [36m84.74 kB[39m[2m | [22m               [36m13.68 kB[39m
[32mchunk-LY2VL5A3.js[39m    [2m | [22m[2m-[22m                  [2m | [22m [36m57.54 kB[39m[2m | [22m               [36m10.28 kB[39m
[32mchunk-SD6HLAL4.js[39m    [2m | [22m[2mhome-care-module[22m   [2m | [22m [36m27.65 kB[39m[2m | [22m                [36m5.13 kB[39m
[32mchunk-SB67YGNN.js[39m    [2m | [22m[2mpharmacist-module[22m  [2m | [22m [36m26.71 kB[39m[2m | [22m                [36m5.23 kB[39m
[32mchunk-LUAWX362.js[39m    [2m | [22m[2m-[22m                  [2m | [22m  [36m7.82 kB[39m[2m | [22m                [36m2.26 kB[39m
[32mchunk-5XMCAYRT.js[39m    [2m | [22m[2m-[22m                  [2m | [22m  [36m2.42 kB[39m[2m | [22m              [36m650 bytes[39m
[32mchunk-H2FFHPAA.js[39m    [2m | [22m[2m-[22m                  [2m | [22m  [36m1.85 kB[39m[2m | [22m              [36m736 bytes[39m
[32mchunk-FL36I5F3.js[39m    [2m | [22m[2m-[22m                  [2m | [22m  [36m1.81 kB[39m[2m | [22m              [36m586 bytes[39m
[32mchunk-BDWMIRQF.js[39m    [2m | [22m[2m-[22m                  [2m | [22m  [36m1.46 kB[39m[2m | [22m              [36m435 bytes[39m
[32mchunk-SOLUCPBJ.js[39m    [2m | [22m[2m-[22m                  [2m | [22m[36m899 bytes[39m[2m | [22m              [36m899 bytes[39m
[2m...and 3 more lazy chunks files. Use "--verbose" to show all the files.[22m

Application bundle generation complete. [6.594 seconds]

[1m[33m[33m▲ [43;33m[[43;30mWARNING[43;33m][0m [1msrc/app/features/front-office/patient/pages/patient-baby-care/patient-baby-care.component.scss exceeded maximum budget. Budget 51.20 kB was not met by 10.72 kB with a total of 61.92 kB.[0m

[39m[22m
Output location: C:\Users\user\medicarepi\dist\medi-care-ai

